<?xml version="1.0" encoding="UTF-8" ?>
<testsuite errors="1" failures="1" hostname="Said-PC" name="hw01.VisualAppTest" skipped="0" tests="2" time="0.313" timestamp="2014-02-26T19:45:34">
  <properties>
[...]
</properties>
  <testcase classname="hw01.VisualAppTest" name="testMain" time="0.228">
    <failure message="The test case is a prototype." type="junit.framework.AssertionFailedError">junit.framework.AssertionFailedError: The test case is a prototype.
	at hw01.VisualAppTest.testMain(VisualAppTest.java:51)
</failure>
  </testcase>
  <testcase classname="hw01.VisualAppTest" name="testMainScreen" time="0.032">
    <error type="java.lang.NullPointerException">java.lang.NullPointerException
	at hw01.VisualApp.mainScreen(VisualApp.java:117)
	at hw01.VisualAppTest.testMainScreen(VisualAppTest.java:61)
</error>
  </testcase>
  <system-out><![CDATA[main
mainScreen
]]></system-out>
  <system-err><![CDATA[]]></system-err>
</testsuite>
